<?xml version="1.0" encoding="UTF-8"?>
<!-- Generated by org.testng.reporters.JUnitXMLReporter -->
<testsuite ignored="0" hostname="DESKTOP-FE3AO5J" failures="0" tests="8" name="combine test" time="23.418" errors="0" timestamp="2025-09-22T18:53:36 IST">
  <testcase classname="TestNg.OrangerHrmLogin_Test" name="open" time="10.339"/>
  <testcase classname="TestNg.OrangerHrmLogin_Test" name="logo" time="4.127"/>
  <testcase classname="TestNg.OrangerHrmLogin_Test" name="login" time="2.881"/>
  <testcase classname="TestNg.OrangerHrmLogin_Test" name="logout" time="5.501"/>
  <testcase classname="TestNg.OrangerHrmLogin_Test" name="close" time="0.417"/>
  <testcase classname="TestNg.Testcase1" name="openapp" time="0.007"/>
  <testcase classname="TestNg.Testcase1" name="login" time="0.002"/>
  <testcase classname="TestNg.Testcase1" name="logout" time="0.006"/>
</testsuite> <!-- combine test -->
