<?xml version="1.0" encoding="UTF-8"?>
<!-- Generated by org.testng.reporters.JUnitXMLReporter -->
<testsuite ignored="0" hostname="DESKTOP-FE3AO5J" failures="0" tests="3" name="ChromeTest" time="16.315" errors="0" timestamp="2025-09-30T18:54:28 IST">
  <testcase classname="TestNg_Dataprovidermethods.Dataprovider_Test" name="logo" time="2.642"/>
  <testcase classname="TestNg_Dataprovidermethods.Dataprovider_Test" name="title" time="0.024"/>
  <testcase classname="TestNg_Dataprovidermethods.Dataprovider_Test" name="url" time="0.019"/>
</testsuite> <!-- ChromeTest -->
