<?xml version="1.0" encoding="UTF-8"?>
<!-- Generated by org.testng.reporters.JUnitXMLReporter -->
<testsuite ignored="0" hostname="DESKTOP-FE3AO5J" failures="0" tests="3" name="EdgeTest" time="2.681" errors="0" timestamp="2025-09-29T19:06:15 IST">
  <testcase classname="TestNg_Dataprovidermethods.Dataprovider_Test" name="logo" time="0.001">
    <skipped/>
  </testcase> <!-- logo -->
  <testcase classname="TestNg_Dataprovidermethods.Dataprovider_Test" name="title" time="0.0">
    <skipped/>
  </testcase> <!-- title -->
  <testcase classname="TestNg_Dataprovidermethods.Dataprovider_Test" name="url" time="0.001">
    <skipped/>
  </testcase> <!-- url -->
</testsuite> <!-- EdgeTest -->
