<?xml version="1.0" encoding="UTF-8"?>
<!-- Generated by org.testng.reporters.JUnitXMLReporter -->
<testsuite ignored="0" hostname="DESKTOP-FE3AO5J" failures="0" tests="3" name="FirefoxTest" time="22.586" errors="0" timestamp="2025-09-30T18:54:34 IST">
  <testcase classname="TestNg_Dataprovidermethods.Dataprovider_Test" name="logo" time="2.562"/>
  <testcase classname="TestNg_Dataprovidermethods.Dataprovider_Test" name="title" time="0.016"/>
  <testcase classname="TestNg_Dataprovidermethods.Dataprovider_Test" name="url" time="0.058"/>
</testsuite> <!-- FirefoxTest -->
