<?xml version="1.0" encoding="UTF-8"?>
<!-- Generated by org.testng.reporters.JUnitXMLReporter -->
<testsuite ignored="0" hostname="DESKTOP-FE3AO5J" failures="0" tests="3" name="fireTest" time="86.761" errors="0" timestamp="2025-09-29T19:06:23 IST">
  <testcase classname="TestNg_Dataprovidermethods.Dataprovider_Test" name="logo" time="2.908"/>
  <testcase classname="TestNg_Dataprovidermethods.Dataprovider_Test" name="title" time="0.045"/>
  <testcase classname="TestNg_Dataprovidermethods.Dataprovider_Test" name="url" time="0.02"/>
</testsuite> <!-- fireTest -->
