<?xml version="1.0" encoding="UTF-8"?>
<!-- Generated by org.testng.reporters.JUnitXMLReporter -->
<testsuite ignored="0" hostname="DESKTOP-FE3AO5J" failures="0" tests="3" name="test2" time="0.116" errors="0" timestamp="2025-09-24T18:49:28 IST">
  <testcase classname="testng_annotation.c1" name="search" time="0.006"/>
  <testcase classname="testng_annotation.c2" name="adsearch" time="0.005"/>
  <testcase classname="testng_annotation.c3" name="advanceSs" time="0.026"/>
</testsuite> <!-- test2 -->
