<?xml version="1.0" encoding="UTF-8"?>
<testng-results ignored="0" total="1" passed="1" failed="0" skipped="0">
  <reporter-output>
  </reporter-output>
  <suite started-at="2025-10-03T19:44:54 IST" name="Suite" finished-at="2025-10-03T19:45:28 IST" duration-ms="33930">
    <groups>
    </groups>
    <test started-at="2025-10-03T19:44:54 IST" name="Test" finished-at="2025-10-03T19:45:28 IST" duration-ms="33930">
      <class name="PageObjectModal.LoginTest">
        <test-method is-config="true" signature="setup()[pri:0, instance:PageObjectModal.LoginTest@9d5509a]" started-at="2025-10-03T19:44:54 IST" name="setup" finished-at="2025-10-03T19:45:25 IST" duration-ms="30751" status="PASS">
          <reporter-output>
          </reporter-output>
        </test-method> <!-- setup -->
        <test-method signature="logintest()[pri:0, instance:PageObjectModal.LoginTest@9d5509a]" started-at="2025-10-03T19:45:25 IST" name="logintest" finished-at="2025-10-03T19:45:27 IST" duration-ms="2516" status="PASS">
          <reporter-output>
          </reporter-output>
        </test-method> <!-- logintest -->
        <test-method is-config="true" signature="close()[pri:0, instance:PageObjectModal.LoginTest@9d5509a]" started-at="2025-10-03T19:45:27 IST" name="close" finished-at="2025-10-03T19:45:28 IST" duration-ms="519" status="PASS">
          <reporter-output>
          </reporter-output>
        </test-method> <!-- close -->
      </class> <!-- PageObjectModal.LoginTest -->
    </test> <!-- Test -->
  </suite> <!-- Suite -->
</testng-results>
